[0.016s] Invoking command in '/root/ros2_ws/src/person_msgs/build/person_msgs': CMAKE_PREFIX_PATH=/root/ros2_ws/install/mypkg:/opt/ros/humble /usr/bin/cmake /root/ros2_ws/src/person_msgs -DCMAKE_INSTALL_PREFIX=/root/ros2_ws/src/person_msgs/install/person_msgs
[0.291s] -- The C compiler identification is GNU 11.3.0
[0.563s] -- The CXX compiler identification is GNU 11.3.0
[0.712s] -- Detecting C compiler ABI info
[0.820s] -- Detecting C compiler ABI info - done
[0.828s] -- Check for working C compiler: /usr/bin/cc - skipped
[0.829s] -- Detecting C compile features
[0.830s] -- Detecting C compile features - done
[0.834s] -- Detecting CXX compiler ABI info
[0.937s] -- Detecting CXX compiler ABI info - done
[0.944s] -- Check for working CXX compiler: /usr/bin/c++ - skipped
[0.944s] -- Detecting CXX compile features
[0.945s] -- Detecting CXX compile features - done
[0.948s] -- Found ament_cmake: 1.3.2 (/opt/ros/humble/share/ament_cmake/cmake)
[1.112s] -- Found Python3: /usr/bin/python3.10 (found version "3.10.6") found components: Interpreter 
[1.221s] -- Found rosidl_default_generators: 1.2.0 (/opt/ros/humble/share/rosidl_default_generators/cmake)
[1.225s] -- Using all available rosidl_typesupport_c: rosidl_typesupport_fastrtps_c;rosidl_typesupport_introspection_c
[1.233s] -- Found rosidl_adapter: 3.1.3 (/opt/ros/humble/share/rosidl_adapter/cmake)
[1.348s] -- Using all available rosidl_typesupport_cpp: rosidl_typesupport_fastrtps_cpp;rosidl_typesupport_introspection_cpp
[1.398s] [31mCMake Error at CMakeLists.txt:11 (rosidl_generate_interfaces_):
[1.398s]   Unknown CMake command "rosidl_generate_interfaces_".
[1.398s] 
[1.398s] [0m
[1.398s] -- Configuring incomplete, errors occurred!
[1.398s] See also "/root/ros2_ws/src/person_msgs/build/person_msgs/CMakeFiles/CMakeOutput.log".
[1.405s] Invoked command in '/root/ros2_ws/src/person_msgs/build/person_msgs' returned '1': CMAKE_PREFIX_PATH=/root/ros2_ws/install/mypkg:/opt/ros/humble /usr/bin/cmake /root/ros2_ws/src/person_msgs -DCMAKE_INSTALL_PREFIX=/root/ros2_ws/src/person_msgs/install/person_msgs
